{"C:\\Users\\HD\\Desktop\\commentsApp\\src\\components\\articleBlock.vue": {"path":"C:\\Users\\HD\\Desktop\\commentsApp\\src\\components\\articleBlock.vue","statementMap":{"0":{"start":{"line":1,"column":1},"end":{"line":3,"column":4}},"1":{"start":{"line":4,"column":20},"end":{"line":4,"column":89}},"2":{"start":{"line":4,"column":114},"end":{"line":4,"column":187}},"3":{"start":{"line":5,"column":0},"end":{"line":5,"column":126}},"4":{"start":{"line":5,"column":54},"end":{"line":5,"column":58}},"5":{"start":{"line":5,"column":66},"end":{"line":5,"column":84}},"6":{"start":{"line":5,"column":92},"end":{"line":5,"column":108}},"7":{"start":{"line":5,"column":109},"end":{"line":5,"column":125}},"8":{"start":{"line":6,"column":0},"end":{"line":6,"column":3948}},"9":{"start":{"line":6,"column":64},"end":{"line":6,"column":68}},"10":{"start":{"line":6,"column":76},"end":{"line":6,"column":94}},"11":{"start":{"line":6,"column":102},"end":{"line":6,"column":118}},"12":{"start":{"line":6,"column":119},"end":{"line":6,"column":3946}}},"fnMap":{"0":{"name":"(anonymous_0)","decl":{"start":{"line":1,"column":2},"end":{"line":1,"column":3}},"loc":{"start":{"line":1,"column":12},"end":{"line":3,"column":1}},"line":1},"1":{"name":"render","decl":{"start":{"line":5,"column":35},"end":{"line":5,"column":41}},"loc":{"start":{"line":5,"column":45},"end":{"line":5,"column":126}},"line":5},"2":{"name":"render","decl":{"start":{"line":6,"column":45},"end":{"line":6,"column":51}},"loc":{"start":{"line":6,"column":55},"end":{"line":6,"column":3947}},"line":6}},"branchMap":{"0":{"loc":{"start":{"line":4,"column":20},"end":{"line":4,"column":89}},"type":"cond-expr","locations":[{"start":{"line":4,"column":50},"end":{"line":4,"column":72}},{"start":{"line":4,"column":75},"end":{"line":4,"column":89}}],"line":4},"1":{"loc":{"start":{"line":4,"column":114},"end":{"line":4,"column":187}},"type":"cond-expr","locations":[{"start":{"line":4,"column":151},"end":{"line":4,"column":172}},{"start":{"line":4,"column":174},"end":{"line":4,"column":187}}],"line":4},"2":{"loc":{"start":{"line":5,"column":92},"end":{"line":5,"column":108}},"type":"binary-expr","locations":[{"start":{"line":5,"column":92},"end":{"line":5,"column":104}},{"start":{"line":5,"column":106},"end":{"line":5,"column":108}}],"line":5},"3":{"loc":{"start":{"line":6,"column":102},"end":{"line":6,"column":118}},"type":"binary-expr","locations":[{"start":{"line":6,"column":102},"end":{"line":6,"column":114}},{"start":{"line":6,"column":116},"end":{"line":6,"column":118}}],"line":6}},"s":{"0":1,"1":1,"2":1,"3":1,"4":1,"5":1,"6":1,"7":1,"8":1,"9":1,"10":1,"11":1,"12":1},"f":{"0":1,"1":1,"2":1},"b":{"0":[0,1],"1":[0,1],"2":[1,0],"3":[1,0]},"_coverageSchema":"332fd63041d2c1bcb487cc26dd0d5f7d97098a6c","hash":"d4f5740298d74cebaf618e81d118b71609741be5"}
,"C:\\Users\\HD\\Desktop\\commentsApp\\src\\components\\commentsAddNew.vue": {"path":"C:\\Users\\HD\\Desktop\\commentsApp\\src\\components\\commentsAddNew.vue","statementMap":{"0":{"start":{"line":1,"column":1},"end":{"line":182,"column":4}},"1":{"start":{"line":4,"column":0},"end":{"line":6,"column":3}},"2":{"start":{"line":8,"column":15},"end":{"line":8,"column":256}},"3":{"start":{"line":8,"column":52},"end":{"line":8,"column":239}},"4":{"start":{"line":8,"column":110},"end":{"line":8,"column":122}},"5":{"start":{"line":8,"column":124},"end":{"line":8,"column":237}},"6":{"start":{"line":8,"column":150},"end":{"line":8,"column":235}},"7":{"start":{"line":8,"column":207},"end":{"line":8,"column":233}},"8":{"start":{"line":8,"column":240},"end":{"line":8,"column":254}},"9":{"start":{"line":10,"column":12},"end":{"line":10,"column":27}},"10":{"start":{"line":12,"column":40},"end":{"line":12,"column":267}},"11":{"start":{"line":12,"column":69},"end":{"line":12,"column":80}},"12":{"start":{"line":12,"column":103},"end":{"line":12,"column":105}},"13":{"start":{"line":12,"column":107},"end":{"line":12,"column":228}},"14":{"start":{"line":12,"column":126},"end":{"line":12,"column":226}},"15":{"start":{"line":12,"column":149},"end":{"line":12,"column":224}},"16":{"start":{"line":12,"column":201},"end":{"line":12,"column":224}},"17":{"start":{"line":12,"column":229},"end":{"line":12,"column":250}},"18":{"start":{"line":12,"column":251},"end":{"line":12,"column":265}},"19":{"start":{"line":41,"column":13},"end":{"line":41,"column":14}},"20":{"start":{"line":43,"column":0},"end":{"line":181,"column":2}},"21":{"start":{"line":45,"column":25},"end":{"line":45,"column":116}},"22":{"start":{"line":45,"column":54},"end":{"line":45,"column":115}},"23":{"start":{"line":54,"column":2},"end":{"line":75,"column":4}},"24":{"start":{"line":83,"column":3},"end":{"line":85,"column":4}},"25":{"start":{"line":84,"column":4},"end":{"line":84,"column":16}},"26":{"start":{"line":86,"column":3},"end":{"line":86,"column":16}},"27":{"start":{"line":95,"column":3},"end":{"line":114,"column":4}},"28":{"start":{"line":96,"column":4},"end":{"line":109,"column":5}},"29":{"start":{"line":97,"column":5},"end":{"line":97,"column":30}},"30":{"start":{"line":98,"column":5},"end":{"line":98,"column":56}},"31":{"start":{"line":99,"column":5},"end":{"line":99,"column":58}},"32":{"start":{"line":100,"column":5},"end":{"line":100,"column":17}},"33":{"start":{"line":104,"column":5},"end":{"line":104,"column":32}},"34":{"start":{"line":106,"column":5},"end":{"line":106,"column":55}},"35":{"start":{"line":108,"column":5},"end":{"line":108,"column":32}},"36":{"start":{"line":111,"column":4},"end":{"line":111,"column":28}},"37":{"start":{"line":112,"column":4},"end":{"line":112,"column":29}},"38":{"start":{"line":113,"column":4},"end":{"line":113,"column":28}},"39":{"start":{"line":122,"column":15},"end":{"line":122,"column":25}},"40":{"start":{"line":123,"column":3},"end":{"line":123,"column":24}},"41":{"start":{"line":126,"column":3},"end":{"line":126,"column":37}},"42":{"start":{"line":134,"column":3},"end":{"line":178,"column":4}},"43":{"start":{"line":135,"column":4},"end":{"line":135,"column":53}},"44":{"start":{"line":137,"column":4},"end":{"line":143,"column":5}},"45":{"start":{"line":138,"column":5},"end":{"line":138,"column":38}},"46":{"start":{"line":139,"column":5},"end":{"line":139,"column":62}},"47":{"start":{"line":141,"column":5},"end":{"line":141,"column":37}},"48":{"start":{"line":142,"column":5},"end":{"line":142,"column":33}},"49":{"start":{"line":144,"column":10},"end":{"line":178,"column":4}},"50":{"start":{"line":145,"column":4},"end":{"line":145,"column":51}},"51":{"start":{"line":153,"column":26},"end":{"line":157,"column":5}},"52":{"start":{"line":154,"column":16},"end":{"line":154,"column":141}},"53":{"start":{"line":156,"column":5},"end":{"line":156,"column":27}},"54":{"start":{"line":159,"column":4},"end":{"line":167,"column":5}},"55":{"start":{"line":160,"column":5},"end":{"line":160,"column":63}},"56":{"start":{"line":161,"column":11},"end":{"line":167,"column":5}},"57":{"start":{"line":162,"column":5},"end":{"line":162,"column":38}},"58":{"start":{"line":163,"column":5},"end":{"line":163,"column":34}},"59":{"start":{"line":165,"column":5},"end":{"line":165,"column":39}},"60":{"start":{"line":166,"column":5},"end":{"line":166,"column":60}},"61":{"start":{"line":168,"column":10},"end":{"line":178,"column":4}},"62":{"start":{"line":169,"column":4},"end":{"line":169,"column":49}},"63":{"start":{"line":171,"column":4},"end":{"line":177,"column":5}},"64":{"start":{"line":172,"column":5},"end":{"line":172,"column":38}},"65":{"start":{"line":173,"column":5},"end":{"line":173,"column":62}},"66":{"start":{"line":175,"column":5},"end":{"line":175,"column":37}},"67":{"start":{"line":176,"column":5},"end":{"line":176,"column":33}},"68":{"start":{"line":183,"column":20},"end":{"line":183,"column":89}},"69":{"start":{"line":183,"column":114},"end":{"line":183,"column":187}},"70":{"start":{"line":184,"column":0},"end":{"line":184,"column":2439}},"71":{"start":{"line":184,"column":54},"end":{"line":184,"column":58}},"72":{"start":{"line":184,"column":66},"end":{"line":184,"column":84}},"73":{"start":{"line":184,"column":92},"end":{"line":184,"column":108}},"74":{"start":{"line":184,"column":109},"end":{"line":184,"column":2438}},"75":{"start":{"line":184,"column":703},"end":{"line":184,"column":742}},"76":{"start":{"line":184,"column":769},"end":{"line":184,"column":807}},"77":{"start":{"line":184,"column":798},"end":{"line":184,"column":805}},"78":{"start":{"line":184,"column":807},"end":{"line":184,"column":859}},"79":{"start":{"line":184,"column":1314},"end":{"line":184,"column":1353}},"80":{"start":{"line":184,"column":1380},"end":{"line":184,"column":1418}},"81":{"start":{"line":184,"column":1409},"end":{"line":184,"column":1416}},"82":{"start":{"line":184,"column":1418},"end":{"line":184,"column":1469}},"83":{"start":{"line":184,"column":1917},"end":{"line":184,"column":1956}},"84":{"start":{"line":184,"column":1983},"end":{"line":184,"column":2021}},"85":{"start":{"line":184,"column":2012},"end":{"line":184,"column":2019}},"86":{"start":{"line":184,"column":2021},"end":{"line":184,"column":2071}},"87":{"start":{"line":184,"column":2337},"end":{"line":184,"column":2361}},"88":{"start":{"line":184,"column":2361},"end":{"line":184,"column":2393}},"89":{"start":{"line":185,"column":0},"end":{"line":185,"column":37}}},"fnMap":{"0":{"name":"(anonymous_0)","decl":{"start":{"line":1,"column":2},"end":{"line":1,"column":3}},"loc":{"start":{"line":1,"column":12},"end":{"line":182,"column":1}},"line":1},"1":{"name":"(anonymous_1)","decl":{"start":{"line":8,"column":32},"end":{"line":8,"column":33}},"loc":{"start":{"line":8,"column":50},"end":{"line":8,"column":256}},"line":8},"2":{"name":"_interopRequireWildcard","decl":{"start":{"line":12,"column":9},"end":{"line":12,"column":32}},"loc":{"start":{"line":12,"column":38},"end":{"line":12,"column":269}},"line":12},"3":{"name":"(anonymous_3)","decl":{"start":{"line":45,"column":19},"end":{"line":45,"column":20}},"loc":{"start":{"line":45,"column":25},"end":{"line":45,"column":116}},"line":45},"4":{"name":"(anonymous_4)","decl":{"start":{"line":45,"column":48},"end":{"line":45,"column":49}},"loc":{"start":{"line":45,"column":54},"end":{"line":45,"column":115}},"line":45},"5":{"name":"(anonymous_5)","decl":{"start":{"line":153,"column":26},"end":{"line":153,"column":27}},"loc":{"start":{"line":153,"column":35},"end":{"line":157,"column":5}},"line":153},"6":{"name":"render","decl":{"start":{"line":184,"column":35},"end":{"line":184,"column":41}},"loc":{"start":{"line":184,"column":45},"end":{"line":184,"column":2439}},"line":184},"7":{"name":"(anonymous_7)","decl":{"start":{"line":184,"column":686},"end":{"line":184,"column":687}},"loc":{"start":{"line":184,"column":702},"end":{"line":184,"column":743}},"line":184},"8":{"name":"(anonymous_8)","decl":{"start":{"line":184,"column":752},"end":{"line":184,"column":753}},"loc":{"start":{"line":184,"column":768},"end":{"line":184,"column":860}},"line":184},"9":{"name":"(anonymous_9)","decl":{"start":{"line":184,"column":1297},"end":{"line":184,"column":1298}},"loc":{"start":{"line":184,"column":1313},"end":{"line":184,"column":1354}},"line":184},"10":{"name":"(anonymous_10)","decl":{"start":{"line":184,"column":1363},"end":{"line":184,"column":1364}},"loc":{"start":{"line":184,"column":1379},"end":{"line":184,"column":1470}},"line":184},"11":{"name":"(anonymous_11)","decl":{"start":{"line":184,"column":1900},"end":{"line":184,"column":1901}},"loc":{"start":{"line":184,"column":1916},"end":{"line":184,"column":1957}},"line":184},"12":{"name":"(anonymous_12)","decl":{"start":{"line":184,"column":1966},"end":{"line":184,"column":1967}},"loc":{"start":{"line":184,"column":1982},"end":{"line":184,"column":2072}},"line":184},"13":{"name":"(anonymous_13)","decl":{"start":{"line":184,"column":2320},"end":{"line":184,"column":2321}},"loc":{"start":{"line":184,"column":2336},"end":{"line":184,"column":2394}},"line":184}},"branchMap":{"0":{"loc":{"start":{"line":8,"column":15},"end":{"line":8,"column":256}},"type":"binary-expr","locations":[{"start":{"line":8,"column":15},"end":{"line":8,"column":28}},{"start":{"line":8,"column":32},"end":{"line":8,"column":256}}],"line":8},"1":{"loc":{"start":{"line":8,"column":150},"end":{"line":8,"column":235}},"type":"if","locations":[{"start":{"line":8,"column":150},"end":{"line":8,"column":235}},{"start":{"line":8,"column":150},"end":{"line":8,"column":235}}],"line":8},"2":{"loc":{"start":{"line":12,"column":40},"end":{"line":12,"column":267}},"type":"if","locations":[{"start":{"line":12,"column":40},"end":{"line":12,"column":267}},{"start":{"line":12,"column":40},"end":{"line":12,"column":267}}],"line":12},"3":{"loc":{"start":{"line":12,"column":44},"end":{"line":12,"column":65}},"type":"binary-expr","locations":[{"start":{"line":12,"column":44},"end":{"line":12,"column":47}},{"start":{"line":12,"column":51},"end":{"line":12,"column":65}}],"line":12},"4":{"loc":{"start":{"line":12,"column":107},"end":{"line":12,"column":228}},"type":"if","locations":[{"start":{"line":12,"column":107},"end":{"line":12,"column":228}},{"start":{"line":12,"column":107},"end":{"line":12,"column":228}}],"line":12},"5":{"loc":{"start":{"line":12,"column":149},"end":{"line":12,"column":224}},"type":"if","locations":[{"start":{"line":12,"column":149},"end":{"line":12,"column":224}},{"start":{"line":12,"column":149},"end":{"line":12,"column":224}}],"line":12},"6":{"loc":{"start":{"line":83,"column":3},"end":{"line":85,"column":4}},"type":"if","locations":[{"start":{"line":83,"column":3},"end":{"line":85,"column":4}},{"start":{"line":83,"column":3},"end":{"line":85,"column":4}}],"line":83},"7":{"loc":{"start":{"line":83,"column":7},"end":{"line":83,"column":106}},"type":"binary-expr","locations":[{"start":{"line":83,"column":7},"end":{"line":83,"column":40}},{"start":{"line":83,"column":44},"end":{"line":83,"column":78}},{"start":{"line":83,"column":82},"end":{"line":83,"column":106}}],"line":83},"8":{"loc":{"start":{"line":95,"column":3},"end":{"line":114,"column":4}},"type":"if","locations":[{"start":{"line":95,"column":3},"end":{"line":114,"column":4}},{"start":{"line":95,"column":3},"end":{"line":114,"column":4}}],"line":95},"9":{"loc":{"start":{"line":134,"column":3},"end":{"line":178,"column":4}},"type":"if","locations":[{"start":{"line":134,"column":3},"end":{"line":178,"column":4}},{"start":{"line":134,"column":3},"end":{"line":178,"column":4}}],"line":134},"10":{"loc":{"start":{"line":137,"column":4},"end":{"line":143,"column":5}},"type":"if","locations":[{"start":{"line":137,"column":4},"end":{"line":143,"column":5}},{"start":{"line":137,"column":4},"end":{"line":143,"column":5}}],"line":137},"11":{"loc":{"start":{"line":144,"column":10},"end":{"line":178,"column":4}},"type":"if","locations":[{"start":{"line":144,"column":10},"end":{"line":178,"column":4}},{"start":{"line":144,"column":10},"end":{"line":178,"column":4}}],"line":144},"12":{"loc":{"start":{"line":159,"column":4},"end":{"line":167,"column":5}},"type":"if","locations":[{"start":{"line":159,"column":4},"end":{"line":167,"column":5}},{"start":{"line":159,"column":4},"end":{"line":167,"column":5}}],"line":159},"13":{"loc":{"start":{"line":161,"column":11},"end":{"line":167,"column":5}},"type":"if","locations":[{"start":{"line":161,"column":11},"end":{"line":167,"column":5}},{"start":{"line":161,"column":11},"end":{"line":167,"column":5}}],"line":161},"14":{"loc":{"start":{"line":168,"column":10},"end":{"line":178,"column":4}},"type":"if","locations":[{"start":{"line":168,"column":10},"end":{"line":178,"column":4}},{"start":{"line":168,"column":10},"end":{"line":178,"column":4}}],"line":168},"15":{"loc":{"start":{"line":171,"column":4},"end":{"line":177,"column":5}},"type":"if","locations":[{"start":{"line":171,"column":4},"end":{"line":177,"column":5}},{"start":{"line":171,"column":4},"end":{"line":177,"column":5}}],"line":171},"16":{"loc":{"start":{"line":183,"column":20},"end":{"line":183,"column":89}},"type":"cond-expr","locations":[{"start":{"line":183,"column":50},"end":{"line":183,"column":72}},{"start":{"line":183,"column":75},"end":{"line":183,"column":89}}],"line":183},"17":{"loc":{"start":{"line":183,"column":114},"end":{"line":183,"column":187}},"type":"cond-expr","locations":[{"start":{"line":183,"column":151},"end":{"line":183,"column":172}},{"start":{"line":183,"column":174},"end":{"line":183,"column":187}}],"line":183},"18":{"loc":{"start":{"line":184,"column":92},"end":{"line":184,"column":108}},"type":"binary-expr","locations":[{"start":{"line":184,"column":92},"end":{"line":184,"column":104}},{"start":{"line":184,"column":106},"end":{"line":184,"column":108}}],"line":184},"19":{"loc":{"start":{"line":184,"column":769},"end":{"line":184,"column":807}},"type":"if","locations":[{"start":{"line":184,"column":769},"end":{"line":184,"column":807}},{"start":{"line":184,"column":769},"end":{"line":184,"column":807}}],"line":184},"20":{"loc":{"start":{"line":184,"column":1380},"end":{"line":184,"column":1418}},"type":"if","locations":[{"start":{"line":184,"column":1380},"end":{"line":184,"column":1418}},{"start":{"line":184,"column":1380},"end":{"line":184,"column":1418}}],"line":184},"21":{"loc":{"start":{"line":184,"column":1983},"end":{"line":184,"column":2021}},"type":"if","locations":[{"start":{"line":184,"column":1983},"end":{"line":184,"column":2021}},{"start":{"line":184,"column":1983},"end":{"line":184,"column":2021}}],"line":184}},"s":{"0":2,"1":2,"2":2,"3":0,"4":0,"5":0,"6":0,"7":0,"8":0,"9":2,"10":2,"11":2,"12":0,"13":0,"14":0,"15":0,"16":0,"17":0,"18":0,"19":2,"20":2,"21":2,"22":2,"23":4,"24":0,"25":0,"26":0,"27":1,"28":1,"29":1,"30":1,"31":1,"32":1,"33":0,"34":0,"35":1,"36":0,"37":0,"38":0,"39":1,"40":1,"41":1,"42":0,"43":0,"44":0,"45":0,"46":0,"47":0,"48":0,"49":0,"50":0,"51":0,"52":0,"53":0,"54":0,"55":0,"56":0,"57":0,"58":0,"59":0,"60":0,"61":0,"62":0,"63":0,"64":0,"65":0,"66":0,"67":0,"68":2,"69":2,"70":2,"71":6,"72":6,"73":6,"74":6,"75":0,"76":0,"77":0,"78":0,"79":0,"80":0,"81":0,"82":0,"83":0,"84":0,"85":0,"86":0,"87":1,"88":1,"89":2},"f":{"0":2,"1":0,"2":2,"3":2,"4":2,"5":0,"6":6,"7":0,"8":0,"9":0,"10":0,"11":0,"12":0,"13":1},"b":{"0":[2,0],"1":[0,0],"2":[2,0],"3":[2,2],"4":[0,0],"5":[0,0],"6":[0,0],"7":[0,0,0],"8":[1,0],"9":[0,0],"10":[0,0],"11":[0,0],"12":[0,0],"13":[0,0],"14":[0,0],"15":[0,0],"16":[2,0],"17":[0,2],"18":[6,0],"19":[0,0],"20":[0,0],"21":[0,0]},"_coverageSchema":"332fd63041d2c1bcb487cc26dd0d5f7d97098a6c","hash":"d55843c98c93b5c9a593609d47497361ffb95315"}
,"C:\\Users\\HD\\Desktop\\commentsApp\\src\\components\\commentsBlock.vue": {"path":"C:\\Users\\HD\\Desktop\\commentsApp\\src\\components\\commentsBlock.vue","statementMap":{"0":{"start":{"line":1,"column":1},"end":{"line":49,"column":4}},"1":{"start":{"line":4,"column":0},"end":{"line":6,"column":3}},"2":{"start":{"line":8,"column":15},"end":{"line":8,"column":256}},"3":{"start":{"line":8,"column":52},"end":{"line":8,"column":239}},"4":{"start":{"line":8,"column":110},"end":{"line":8,"column":122}},"5":{"start":{"line":8,"column":124},"end":{"line":8,"column":237}},"6":{"start":{"line":8,"column":150},"end":{"line":8,"column":235}},"7":{"start":{"line":8,"column":207},"end":{"line":8,"column":233}},"8":{"start":{"line":8,"column":240},"end":{"line":8,"column":254}},"9":{"start":{"line":10,"column":12},"end":{"line":10,"column":27}},"10":{"start":{"line":12,"column":40},"end":{"line":12,"column":267}},"11":{"start":{"line":12,"column":69},"end":{"line":12,"column":80}},"12":{"start":{"line":12,"column":103},"end":{"line":12,"column":105}},"13":{"start":{"line":12,"column":107},"end":{"line":12,"column":228}},"14":{"start":{"line":12,"column":126},"end":{"line":12,"column":226}},"15":{"start":{"line":12,"column":149},"end":{"line":12,"column":224}},"16":{"start":{"line":12,"column":201},"end":{"line":12,"column":224}},"17":{"start":{"line":12,"column":229},"end":{"line":12,"column":250}},"18":{"start":{"line":12,"column":251},"end":{"line":12,"column":265}},"19":{"start":{"line":27,"column":0},"end":{"line":48,"column":2}},"20":{"start":{"line":29,"column":22},"end":{"line":29,"column":102}},"21":{"start":{"line":29,"column":51},"end":{"line":29,"column":101}},"22":{"start":{"line":30,"column":24},"end":{"line":30,"column":106}},"23":{"start":{"line":30,"column":53},"end":{"line":30,"column":105}},"24":{"start":{"line":33,"column":2},"end":{"line":35,"column":4}},"25":{"start":{"line":38,"column":21},"end":{"line":38,"column":35}},"26":{"start":{"line":42,"column":3},"end":{"line":42,"column":28}},"27":{"start":{"line":45,"column":3},"end":{"line":45,"column":29}},"28":{"start":{"line":50,"column":20},"end":{"line":50,"column":89}},"29":{"start":{"line":50,"column":114},"end":{"line":50,"column":187}},"30":{"start":{"line":51,"column":0},"end":{"line":51,"column":733}},"31":{"start":{"line":51,"column":54},"end":{"line":51,"column":58}},"32":{"start":{"line":51,"column":66},"end":{"line":51,"column":84}},"33":{"start":{"line":51,"column":92},"end":{"line":51,"column":108}},"34":{"start":{"line":51,"column":109},"end":{"line":51,"column":732}},"35":{"start":{"line":52,"column":0},"end":{"line":52,"column":37}}},"fnMap":{"0":{"name":"(anonymous_0)","decl":{"start":{"line":1,"column":2},"end":{"line":1,"column":3}},"loc":{"start":{"line":1,"column":12},"end":{"line":49,"column":1}},"line":1},"1":{"name":"(anonymous_1)","decl":{"start":{"line":8,"column":32},"end":{"line":8,"column":33}},"loc":{"start":{"line":8,"column":50},"end":{"line":8,"column":256}},"line":8},"2":{"name":"_interopRequireWildcard","decl":{"start":{"line":12,"column":9},"end":{"line":12,"column":32}},"loc":{"start":{"line":12,"column":38},"end":{"line":12,"column":269}},"line":12},"3":{"name":"(anonymous_3)","decl":{"start":{"line":29,"column":16},"end":{"line":29,"column":17}},"loc":{"start":{"line":29,"column":22},"end":{"line":29,"column":102}},"line":29},"4":{"name":"(anonymous_4)","decl":{"start":{"line":29,"column":45},"end":{"line":29,"column":46}},"loc":{"start":{"line":29,"column":51},"end":{"line":29,"column":101}},"line":29},"5":{"name":"(anonymous_5)","decl":{"start":{"line":30,"column":18},"end":{"line":30,"column":19}},"loc":{"start":{"line":30,"column":24},"end":{"line":30,"column":106}},"line":30},"6":{"name":"(anonymous_6)","decl":{"start":{"line":30,"column":47},"end":{"line":30,"column":48}},"loc":{"start":{"line":30,"column":53},"end":{"line":30,"column":105}},"line":30},"7":{"name":"(anonymous_7)","decl":{"start":{"line":38,"column":12},"end":{"line":38,"column":13}},"loc":{"start":{"line":38,"column":21},"end":{"line":38,"column":35}},"line":38},"8":{"name":"render","decl":{"start":{"line":51,"column":35},"end":{"line":51,"column":41}},"loc":{"start":{"line":51,"column":45},"end":{"line":51,"column":733}},"line":51}},"branchMap":{"0":{"loc":{"start":{"line":8,"column":15},"end":{"line":8,"column":256}},"type":"binary-expr","locations":[{"start":{"line":8,"column":15},"end":{"line":8,"column":28}},{"start":{"line":8,"column":32},"end":{"line":8,"column":256}}],"line":8},"1":{"loc":{"start":{"line":8,"column":150},"end":{"line":8,"column":235}},"type":"if","locations":[{"start":{"line":8,"column":150},"end":{"line":8,"column":235}},{"start":{"line":8,"column":150},"end":{"line":8,"column":235}}],"line":8},"2":{"loc":{"start":{"line":12,"column":40},"end":{"line":12,"column":267}},"type":"if","locations":[{"start":{"line":12,"column":40},"end":{"line":12,"column":267}},{"start":{"line":12,"column":40},"end":{"line":12,"column":267}}],"line":12},"3":{"loc":{"start":{"line":12,"column":44},"end":{"line":12,"column":65}},"type":"binary-expr","locations":[{"start":{"line":12,"column":44},"end":{"line":12,"column":47}},{"start":{"line":12,"column":51},"end":{"line":12,"column":65}}],"line":12},"4":{"loc":{"start":{"line":12,"column":107},"end":{"line":12,"column":228}},"type":"if","locations":[{"start":{"line":12,"column":107},"end":{"line":12,"column":228}},{"start":{"line":12,"column":107},"end":{"line":12,"column":228}}],"line":12},"5":{"loc":{"start":{"line":12,"column":149},"end":{"line":12,"column":224}},"type":"if","locations":[{"start":{"line":12,"column":149},"end":{"line":12,"column":224}},{"start":{"line":12,"column":149},"end":{"line":12,"column":224}}],"line":12},"6":{"loc":{"start":{"line":50,"column":20},"end":{"line":50,"column":89}},"type":"cond-expr","locations":[{"start":{"line":50,"column":50},"end":{"line":50,"column":72}},{"start":{"line":50,"column":75},"end":{"line":50,"column":89}}],"line":50},"7":{"loc":{"start":{"line":50,"column":114},"end":{"line":50,"column":187}},"type":"cond-expr","locations":[{"start":{"line":50,"column":151},"end":{"line":50,"column":172}},{"start":{"line":50,"column":174},"end":{"line":50,"column":187}}],"line":50},"8":{"loc":{"start":{"line":51,"column":92},"end":{"line":51,"column":108}},"type":"binary-expr","locations":[{"start":{"line":51,"column":92},"end":{"line":51,"column":104}},{"start":{"line":51,"column":106},"end":{"line":51,"column":108}}],"line":51}},"s":{"0":0,"1":0,"2":0,"3":0,"4":0,"5":0,"6":0,"7":0,"8":0,"9":0,"10":0,"11":0,"12":0,"13":0,"14":0,"15":0,"16":0,"17":0,"18":0,"19":0,"20":0,"21":0,"22":0,"23":0,"24":0,"25":0,"26":0,"27":0,"28":0,"29":0,"30":0,"31":0,"32":0,"33":0,"34":0,"35":0},"f":{"0":0,"1":0,"2":0,"3":0,"4":0,"5":0,"6":0,"7":0,"8":0},"b":{"0":[0,0],"1":[0,0],"2":[0,0],"3":[0,0],"4":[0,0],"5":[0,0],"6":[0,0],"7":[0,0],"8":[0,0]}}
,"C:\\Users\\HD\\Desktop\\commentsApp\\src\\components\\commentsItem.vue": {"path":"C:\\Users\\HD\\Desktop\\commentsApp\\src\\components\\commentsItem.vue","statementMap":{"0":{"start":{"line":1,"column":1},"end":{"line":238,"column":4}},"1":{"start":{"line":4,"column":0},"end":{"line":6,"column":3}},"2":{"start":{"line":8,"column":40},"end":{"line":8,"column":267}},"3":{"start":{"line":8,"column":69},"end":{"line":8,"column":80}},"4":{"start":{"line":8,"column":103},"end":{"line":8,"column":105}},"5":{"start":{"line":8,"column":107},"end":{"line":8,"column":228}},"6":{"start":{"line":8,"column":126},"end":{"line":8,"column":226}},"7":{"start":{"line":8,"column":149},"end":{"line":8,"column":224}},"8":{"start":{"line":8,"column":201},"end":{"line":8,"column":224}},"9":{"start":{"line":8,"column":229},"end":{"line":8,"column":250}},"10":{"start":{"line":8,"column":251},"end":{"line":8,"column":265}},"11":{"start":{"line":47,"column":0},"end":{"line":237,"column":2}},"12":{"start":{"line":49,"column":23},"end":{"line":49,"column":105}},"13":{"start":{"line":49,"column":52},"end":{"line":49,"column":104}},"14":{"start":{"line":50,"column":22},"end":{"line":50,"column":102}},"15":{"start":{"line":50,"column":51},"end":{"line":50,"column":101}},"16":{"start":{"line":51,"column":24},"end":{"line":51,"column":106}},"17":{"start":{"line":51,"column":53},"end":{"line":51,"column":105}},"18":{"start":{"line":57,"column":4},"end":{"line":57,"column":14}},"19":{"start":{"line":66,"column":2},"end":{"line":70,"column":4}},"20":{"start":{"line":79,"column":3},"end":{"line":81,"column":4}},"21":{"start":{"line":80,"column":4},"end":{"line":80,"column":17}},"22":{"start":{"line":82,"column":3},"end":{"line":82,"column":15}},"23":{"start":{"line":90,"column":3},"end":{"line":92,"column":4}},"24":{"start":{"line":91,"column":4},"end":{"line":91,"column":16}},"25":{"start":{"line":93,"column":3},"end":{"line":93,"column":16}},"26":{"start":{"line":101,"column":3},"end":{"line":103,"column":4}},"27":{"start":{"line":102,"column":4},"end":{"line":102,"column":17}},"28":{"start":{"line":103,"column":4},"end":{"line":105,"column":4}},"29":{"start":{"line":104,"column":4},"end":{"line":104,"column":17}},"30":{"start":{"line":106,"column":3},"end":{"line":106,"column":15}},"31":{"start":{"line":110,"column":2},"end":{"line":110,"column":38}},"32":{"start":{"line":113,"column":2},"end":{"line":121,"column":3}},"33":{"start":{"line":114,"column":3},"end":{"line":114,"column":56}},"34":{"start":{"line":118,"column":3},"end":{"line":118,"column":70}},"35":{"start":{"line":120,"column":3},"end":{"line":120,"column":30}},"36":{"start":{"line":124,"column":2},"end":{"line":132,"column":3}},"37":{"start":{"line":125,"column":3},"end":{"line":125,"column":56}},"38":{"start":{"line":129,"column":3},"end":{"line":129,"column":68}},"39":{"start":{"line":131,"column":3},"end":{"line":131,"column":30}},"40":{"start":{"line":141,"column":3},"end":{"line":158,"column":4}},"41":{"start":{"line":142,"column":16},"end":{"line":142,"column":36}},"42":{"start":{"line":143,"column":21},"end":{"line":143,"column":46}},"43":{"start":{"line":145,"column":4},"end":{"line":151,"column":5}},"44":{"start":{"line":146,"column":5},"end":{"line":146,"column":61}},"45":{"start":{"line":147,"column":11},"end":{"line":151,"column":5}},"46":{"start":{"line":148,"column":5},"end":{"line":148,"column":65}},"47":{"start":{"line":150,"column":5},"end":{"line":150,"column":66}},"48":{"start":{"line":155,"column":4},"end":{"line":155,"column":31}},"49":{"start":{"line":157,"column":4},"end":{"line":157,"column":69}},"50":{"start":{"line":165,"column":3},"end":{"line":165,"column":29}},"51":{"start":{"line":173,"column":3},"end":{"line":173,"column":36}},"52":{"start":{"line":174,"column":3},"end":{"line":174,"column":45}},"53":{"start":{"line":182,"column":3},"end":{"line":182,"column":39}},"54":{"start":{"line":188,"column":3},"end":{"line":188,"column":37}},"55":{"start":{"line":194,"column":3},"end":{"line":205,"column":4}},"56":{"start":{"line":195,"column":4},"end":{"line":195,"column":59}},"57":{"start":{"line":196,"column":4},"end":{"line":198,"column":5}},"58":{"start":{"line":197,"column":5},"end":{"line":197,"column":39}},"59":{"start":{"line":202,"column":4},"end":{"line":202,"column":31}},"60":{"start":{"line":204,"column":4},"end":{"line":204,"column":62}},"61":{"start":{"line":215,"column":12},"end":{"line":215,"column":18}},"62":{"start":{"line":217,"column":3},"end":{"line":217,"column":47}},"63":{"start":{"line":218,"column":3},"end":{"line":218,"column":47}},"64":{"start":{"line":219,"column":3},"end":{"line":219,"column":47}},"65":{"start":{"line":220,"column":3},"end":{"line":220,"column":47}},"66":{"start":{"line":221,"column":3},"end":{"line":221,"column":47}},"67":{"start":{"line":222,"column":3},"end":{"line":222,"column":44}},"68":{"start":{"line":225,"column":3},"end":{"line":225,"column":62}},"69":{"start":{"line":228,"column":3},"end":{"line":228,"column":44}},"70":{"start":{"line":229,"column":3},"end":{"line":229,"column":62}},"71":{"start":{"line":230,"column":3},"end":{"line":230,"column":47}},"72":{"start":{"line":233,"column":3},"end":{"line":233,"column":90}},"73":{"start":{"line":234,"column":3},"end":{"line":234,"column":13}},"74":{"start":{"line":239,"column":20},"end":{"line":239,"column":89}},"75":{"start":{"line":239,"column":114},"end":{"line":239,"column":187}},"76":{"start":{"line":240,"column":0},"end":{"line":240,"column":1932}},"77":{"start":{"line":240,"column":54},"end":{"line":240,"column":58}},"78":{"start":{"line":240,"column":66},"end":{"line":240,"column":84}},"79":{"start":{"line":240,"column":92},"end":{"line":240,"column":108}},"80":{"start":{"line":240,"column":109},"end":{"line":240,"column":1931}},"81":{"start":{"line":240,"column":1709},"end":{"line":240,"column":1922}},"82":{"start":{"line":241,"column":0},"end":{"line":241,"column":37}}},"fnMap":{"0":{"name":"(anonymous_0)","decl":{"start":{"line":1,"column":2},"end":{"line":1,"column":3}},"loc":{"start":{"line":1,"column":12},"end":{"line":238,"column":1}},"line":1},"1":{"name":"_interopRequireWildcard","decl":{"start":{"line":8,"column":9},"end":{"line":8,"column":32}},"loc":{"start":{"line":8,"column":38},"end":{"line":8,"column":269}},"line":8},"2":{"name":"(anonymous_2)","decl":{"start":{"line":49,"column":17},"end":{"line":49,"column":18}},"loc":{"start":{"line":49,"column":23},"end":{"line":49,"column":105}},"line":49},"3":{"name":"(anonymous_3)","decl":{"start":{"line":49,"column":46},"end":{"line":49,"column":47}},"loc":{"start":{"line":49,"column":52},"end":{"line":49,"column":104}},"line":49},"4":{"name":"(anonymous_4)","decl":{"start":{"line":50,"column":16},"end":{"line":50,"column":17}},"loc":{"start":{"line":50,"column":22},"end":{"line":50,"column":102}},"line":50},"5":{"name":"(anonymous_5)","decl":{"start":{"line":50,"column":45},"end":{"line":50,"column":46}},"loc":{"start":{"line":50,"column":51},"end":{"line":50,"column":101}},"line":50},"6":{"name":"(anonymous_6)","decl":{"start":{"line":51,"column":18},"end":{"line":51,"column":19}},"loc":{"start":{"line":51,"column":24},"end":{"line":51,"column":106}},"line":51},"7":{"name":"(anonymous_7)","decl":{"start":{"line":51,"column":47},"end":{"line":51,"column":48}},"loc":{"start":{"line":51,"column":53},"end":{"line":51,"column":105}},"line":51},"8":{"name":"render","decl":{"start":{"line":240,"column":35},"end":{"line":240,"column":41}},"loc":{"start":{"line":240,"column":45},"end":{"line":240,"column":1932}},"line":240},"9":{"name":"(anonymous_9)","decl":{"start":{"line":240,"column":1691},"end":{"line":240,"column":1692}},"loc":{"start":{"line":240,"column":1708},"end":{"line":240,"column":1923}},"line":240}},"branchMap":{"0":{"loc":{"start":{"line":8,"column":40},"end":{"line":8,"column":267}},"type":"if","locations":[{"start":{"line":8,"column":40},"end":{"line":8,"column":267}},{"start":{"line":8,"column":40},"end":{"line":8,"column":267}}],"line":8},"1":{"loc":{"start":{"line":8,"column":44},"end":{"line":8,"column":65}},"type":"binary-expr","locations":[{"start":{"line":8,"column":44},"end":{"line":8,"column":47}},{"start":{"line":8,"column":51},"end":{"line":8,"column":65}}],"line":8},"2":{"loc":{"start":{"line":8,"column":107},"end":{"line":8,"column":228}},"type":"if","locations":[{"start":{"line":8,"column":107},"end":{"line":8,"column":228}},{"start":{"line":8,"column":107},"end":{"line":8,"column":228}}],"line":8},"3":{"loc":{"start":{"line":8,"column":149},"end":{"line":8,"column":224}},"type":"if","locations":[{"start":{"line":8,"column":149},"end":{"line":8,"column":224}},{"start":{"line":8,"column":149},"end":{"line":8,"column":224}}],"line":8},"4":{"loc":{"start":{"line":79,"column":3},"end":{"line":81,"column":4}},"type":"if","locations":[{"start":{"line":79,"column":3},"end":{"line":81,"column":4}},{"start":{"line":79,"column":3},"end":{"line":81,"column":4}}],"line":79},"5":{"loc":{"start":{"line":90,"column":3},"end":{"line":92,"column":4}},"type":"if","locations":[{"start":{"line":90,"column":3},"end":{"line":92,"column":4}},{"start":{"line":90,"column":3},"end":{"line":92,"column":4}}],"line":90},"6":{"loc":{"start":{"line":101,"column":3},"end":{"line":103,"column":4}},"type":"if","locations":[{"start":{"line":101,"column":3},"end":{"line":103,"column":4}},{"start":{"line":101,"column":3},"end":{"line":103,"column":4}}],"line":101},"7":{"loc":{"start":{"line":103,"column":4},"end":{"line":105,"column":4}},"type":"if","locations":[{"start":{"line":103,"column":4},"end":{"line":105,"column":4}},{"start":{"line":103,"column":4},"end":{"line":105,"column":4}}],"line":103},"8":{"loc":{"start":{"line":103,"column":8},"end":{"line":103,"column":65}},"type":"binary-expr","locations":[{"start":{"line":103,"column":8},"end":{"line":103,"column":34}},{"start":{"line":103,"column":38},"end":{"line":103,"column":65}}],"line":103},"9":{"loc":{"start":{"line":145,"column":4},"end":{"line":151,"column":5}},"type":"if","locations":[{"start":{"line":145,"column":4},"end":{"line":151,"column":5}},{"start":{"line":145,"column":4},"end":{"line":151,"column":5}}],"line":145},"10":{"loc":{"start":{"line":147,"column":11},"end":{"line":151,"column":5}},"type":"if","locations":[{"start":{"line":147,"column":11},"end":{"line":151,"column":5}},{"start":{"line":147,"column":11},"end":{"line":151,"column":5}}],"line":147},"11":{"loc":{"start":{"line":147,"column":15},"end":{"line":147,"column":56}},"type":"binary-expr","locations":[{"start":{"line":147,"column":15},"end":{"line":147,"column":33}},{"start":{"line":147,"column":37},"end":{"line":147,"column":56}}],"line":147},"12":{"loc":{"start":{"line":196,"column":4},"end":{"line":198,"column":5}},"type":"if","locations":[{"start":{"line":196,"column":4},"end":{"line":198,"column":5}},{"start":{"line":196,"column":4},"end":{"line":198,"column":5}}],"line":196},"13":{"loc":{"start":{"line":239,"column":20},"end":{"line":239,"column":89}},"type":"cond-expr","locations":[{"start":{"line":239,"column":50},"end":{"line":239,"column":72}},{"start":{"line":239,"column":75},"end":{"line":239,"column":89}}],"line":239},"14":{"loc":{"start":{"line":239,"column":114},"end":{"line":239,"column":187}},"type":"cond-expr","locations":[{"start":{"line":239,"column":151},"end":{"line":239,"column":172}},{"start":{"line":239,"column":174},"end":{"line":239,"column":187}}],"line":239},"15":{"loc":{"start":{"line":240,"column":92},"end":{"line":240,"column":108}},"type":"binary-expr","locations":[{"start":{"line":240,"column":92},"end":{"line":240,"column":104}},{"start":{"line":240,"column":106},"end":{"line":240,"column":108}}],"line":240},"16":{"loc":{"start":{"line":240,"column":792},"end":{"line":240,"column":938}},"type":"cond-expr","locations":[{"start":{"line":240,"column":812},"end":{"line":240,"column":929}},{"start":{"line":240,"column":930},"end":{"line":240,"column":938}}],"line":240},"17":{"loc":{"start":{"line":240,"column":939},"end":{"line":240,"column":1108}},"type":"cond-expr","locations":[{"start":{"line":240,"column":959},"end":{"line":240,"column":1099}},{"start":{"line":240,"column":1100},"end":{"line":240,"column":1108}}],"line":240},"18":{"loc":{"start":{"line":240,"column":1061},"end":{"line":240,"column":1095}},"type":"cond-expr","locations":[{"start":{"line":240,"column":1087},"end":{"line":240,"column":1090}},{"start":{"line":240,"column":1092},"end":{"line":240,"column":1095}}],"line":240},"19":{"loc":{"start":{"line":240,"column":1109},"end":{"line":240,"column":1272}},"type":"cond-expr","locations":[{"start":{"line":240,"column":1128},"end":{"line":240,"column":1263}},{"start":{"line":240,"column":1264},"end":{"line":240,"column":1272}}],"line":240},"20":{"loc":{"start":{"line":240,"column":1483},"end":{"line":240,"column":1619}},"type":"cond-expr","locations":[{"start":{"line":240,"column":1503},"end":{"line":240,"column":1610}},{"start":{"line":240,"column":1611},"end":{"line":240,"column":1619}}],"line":240},"21":{"loc":{"start":{"line":240,"column":1716},"end":{"line":240,"column":1922}},"type":"cond-expr","locations":[{"start":{"line":240,"column":1743},"end":{"line":240,"column":1913}},{"start":{"line":240,"column":1914},"end":{"line":240,"column":1922}}],"line":240}},"s":{"0":1,"1":1,"2":3,"3":3,"4":0,"5":0,"6":0,"7":0,"8":0,"9":0,"10":0,"11":1,"12":1,"13":1,"14":1,"15":1,"16":1,"17":1,"18":0,"19":8,"20":8,"21":6,"22":2,"23":8,"24":3,"25":5,"26":8,"27":7,"28":1,"29":0,"30":1,"31":8,"32":8,"33":8,"34":0,"35":0,"36":10,"37":10,"38":0,"39":0,"40":18,"41":18,"42":18,"43":18,"44":0,"45":18,"46":0,"47":18,"48":0,"49":0,"50":0,"51":1,"52":1,"53":0,"54":0,"55":1,"56":1,"57":1,"58":0,"59":0,"60":0,"61":26,"62":26,"63":26,"64":26,"65":26,"66":26,"67":26,"68":26,"69":26,"70":26,"71":26,"72":26,"73":26,"74":1,"75":1,"76":1,"77":18,"78":18,"79":18,"80":18,"81":5,"82":1},"f":{"0":1,"1":3,"2":1,"3":1,"4":1,"5":1,"6":1,"7":1,"8":18,"9":5},"b":{"0":[3,0],"1":[3,3],"2":[0,0],"3":[0,0],"4":[6,2],"5":[3,5],"6":[7,1],"7":[0,1],"8":[1,1],"9":[0,18],"10":[0,18],"11":[18,18],"12":[0,1],"13":[1,0],"14":[0,1],"15":[18,0],"16":[15,3],"17":[5,13],"18":[2,3],"19":[3,15],"20":[7,11],"21":[2,3]},"_coverageSchema":"332fd63041d2c1bcb487cc26dd0d5f7d97098a6c","hash":"f3b6b75bc0ba3d8f12266e324a0e798d5771b523"}
,"C:\\Users\\HD\\Desktop\\commentsApp\\src\\components\\commentsList.vue": {"path":"C:\\Users\\HD\\Desktop\\commentsApp\\src\\components\\commentsList.vue","statementMap":{"0":{"start":{"line":1,"column":1},"end":{"line":100,"column":4}},"1":{"start":{"line":4,"column":0},"end":{"line":6,"column":3}},"2":{"start":{"line":8,"column":40},"end":{"line":8,"column":267}},"3":{"start":{"line":8,"column":69},"end":{"line":8,"column":80}},"4":{"start":{"line":8,"column":103},"end":{"line":8,"column":105}},"5":{"start":{"line":8,"column":107},"end":{"line":8,"column":228}},"6":{"start":{"line":8,"column":126},"end":{"line":8,"column":226}},"7":{"start":{"line":8,"column":149},"end":{"line":8,"column":224}},"8":{"start":{"line":8,"column":201},"end":{"line":8,"column":224}},"9":{"start":{"line":8,"column":229},"end":{"line":8,"column":250}},"10":{"start":{"line":8,"column":251},"end":{"line":8,"column":265}},"11":{"start":{"line":31,"column":0},"end":{"line":99,"column":2}},"12":{"start":{"line":33,"column":22},"end":{"line":33,"column":102}},"13":{"start":{"line":33,"column":51},"end":{"line":33,"column":101}},"14":{"start":{"line":34,"column":24},"end":{"line":34,"column":106}},"15":{"start":{"line":34,"column":53},"end":{"line":34,"column":105}},"16":{"start":{"line":40,"column":4},"end":{"line":40,"column":14}},"17":{"start":{"line":45,"column":2},"end":{"line":47,"column":4}},"18":{"start":{"line":55,"column":3},"end":{"line":57,"column":4}},"19":{"start":{"line":56,"column":4},"end":{"line":56,"column":16}},"20":{"start":{"line":58,"column":3},"end":{"line":58,"column":16}},"21":{"start":{"line":66,"column":3},"end":{"line":75,"column":4}},"22":{"start":{"line":67,"column":4},"end":{"line":67,"column":23}},"23":{"start":{"line":68,"column":4},"end":{"line":68,"column":51}},"24":{"start":{"line":72,"column":4},"end":{"line":72,"column":67}},"25":{"start":{"line":74,"column":4},"end":{"line":74,"column":31}},"26":{"start":{"line":81,"column":3},"end":{"line":81,"column":22}},"27":{"start":{"line":88,"column":3},"end":{"line":96,"column":4}},"28":{"start":{"line":89,"column":4},"end":{"line":89,"column":30}},"29":{"start":{"line":93,"column":4},"end":{"line":93,"column":31}},"30":{"start":{"line":95,"column":4},"end":{"line":95,"column":68}},"31":{"start":{"line":101,"column":20},"end":{"line":101,"column":89}},"32":{"start":{"line":101,"column":114},"end":{"line":101,"column":187}},"33":{"start":{"line":102,"column":0},"end":{"line":102,"column":701}},"34":{"start":{"line":102,"column":54},"end":{"line":102,"column":58}},"35":{"start":{"line":102,"column":66},"end":{"line":102,"column":84}},"36":{"start":{"line":102,"column":92},"end":{"line":102,"column":108}},"37":{"start":{"line":102,"column":109},"end":{"line":102,"column":700}},"38":{"start":{"line":102,"column":394},"end":{"line":102,"column":566}},"39":{"start":{"line":103,"column":0},"end":{"line":103,"column":37}}},"fnMap":{"0":{"name":"(anonymous_0)","decl":{"start":{"line":1,"column":2},"end":{"line":1,"column":3}},"loc":{"start":{"line":1,"column":12},"end":{"line":100,"column":1}},"line":1},"1":{"name":"_interopRequireWildcard","decl":{"start":{"line":8,"column":9},"end":{"line":8,"column":32}},"loc":{"start":{"line":8,"column":38},"end":{"line":8,"column":269}},"line":8},"2":{"name":"(anonymous_2)","decl":{"start":{"line":33,"column":16},"end":{"line":33,"column":17}},"loc":{"start":{"line":33,"column":22},"end":{"line":33,"column":102}},"line":33},"3":{"name":"(anonymous_3)","decl":{"start":{"line":33,"column":45},"end":{"line":33,"column":46}},"loc":{"start":{"line":33,"column":51},"end":{"line":33,"column":101}},"line":33},"4":{"name":"(anonymous_4)","decl":{"start":{"line":34,"column":18},"end":{"line":34,"column":19}},"loc":{"start":{"line":34,"column":24},"end":{"line":34,"column":106}},"line":34},"5":{"name":"(anonymous_5)","decl":{"start":{"line":34,"column":47},"end":{"line":34,"column":48}},"loc":{"start":{"line":34,"column":53},"end":{"line":34,"column":105}},"line":34},"6":{"name":"render","decl":{"start":{"line":102,"column":35},"end":{"line":102,"column":41}},"loc":{"start":{"line":102,"column":45},"end":{"line":102,"column":701}},"line":102},"7":{"name":"(anonymous_7)","decl":{"start":{"line":102,"column":376},"end":{"line":102,"column":377}},"loc":{"start":{"line":102,"column":393},"end":{"line":102,"column":567}},"line":102}},"branchMap":{"0":{"loc":{"start":{"line":8,"column":40},"end":{"line":8,"column":267}},"type":"if","locations":[{"start":{"line":8,"column":40},"end":{"line":8,"column":267}},{"start":{"line":8,"column":40},"end":{"line":8,"column":267}}],"line":8},"1":{"loc":{"start":{"line":8,"column":44},"end":{"line":8,"column":65}},"type":"binary-expr","locations":[{"start":{"line":8,"column":44},"end":{"line":8,"column":47}},{"start":{"line":8,"column":51},"end":{"line":8,"column":65}}],"line":8},"2":{"loc":{"start":{"line":8,"column":107},"end":{"line":8,"column":228}},"type":"if","locations":[{"start":{"line":8,"column":107},"end":{"line":8,"column":228}},{"start":{"line":8,"column":107},"end":{"line":8,"column":228}}],"line":8},"3":{"loc":{"start":{"line":8,"column":149},"end":{"line":8,"column":224}},"type":"if","locations":[{"start":{"line":8,"column":149},"end":{"line":8,"column":224}},{"start":{"line":8,"column":149},"end":{"line":8,"column":224}}],"line":8},"4":{"loc":{"start":{"line":55,"column":3},"end":{"line":57,"column":4}},"type":"if","locations":[{"start":{"line":55,"column":3},"end":{"line":57,"column":4}},{"start":{"line":55,"column":3},"end":{"line":57,"column":4}}],"line":55},"5":{"loc":{"start":{"line":101,"column":20},"end":{"line":101,"column":89}},"type":"cond-expr","locations":[{"start":{"line":101,"column":50},"end":{"line":101,"column":72}},{"start":{"line":101,"column":75},"end":{"line":101,"column":89}}],"line":101},"6":{"loc":{"start":{"line":101,"column":114},"end":{"line":101,"column":187}},"type":"cond-expr","locations":[{"start":{"line":101,"column":151},"end":{"line":101,"column":172}},{"start":{"line":101,"column":174},"end":{"line":101,"column":187}}],"line":101},"7":{"loc":{"start":{"line":102,"column":92},"end":{"line":102,"column":108}},"type":"binary-expr","locations":[{"start":{"line":102,"column":92},"end":{"line":102,"column":104}},{"start":{"line":102,"column":106},"end":{"line":102,"column":108}}],"line":102},"8":{"loc":{"start":{"line":102,"column":569},"end":{"line":102,"column":696}},"type":"cond-expr","locations":[{"start":{"line":102,"column":589},"end":{"line":102,"column":687}},{"start":{"line":102,"column":688},"end":{"line":102,"column":696}}],"line":102}},"s":{"0":0,"1":0,"2":0,"3":0,"4":0,"5":0,"6":0,"7":0,"8":0,"9":0,"10":0,"11":0,"12":0,"13":0,"14":0,"15":0,"16":0,"17":0,"18":0,"19":0,"20":0,"21":0,"22":0,"23":0,"24":0,"25":0,"26":0,"27":0,"28":0,"29":0,"30":0,"31":0,"32":0,"33":0,"34":0,"35":0,"36":0,"37":0,"38":0,"39":0},"f":{"0":0,"1":0,"2":0,"3":0,"4":0,"5":0,"6":0,"7":0},"b":{"0":[0,0],"1":[0,0],"2":[0,0],"3":[0,0],"4":[0,0],"5":[0,0],"6":[0,0],"7":[0,0],"8":[0,0]}}
,"C:\\Users\\HD\\Desktop\\commentsApp\\src\\components\\commentsRating.vue": {"path":"C:\\Users\\HD\\Desktop\\commentsApp\\src\\components\\commentsRating.vue","statementMap":{"0":{"start":{"line":1,"column":1},"end":{"line":62,"column":4}},"1":{"start":{"line":4,"column":0},"end":{"line":6,"column":3}},"2":{"start":{"line":8,"column":15},"end":{"line":8,"column":256}},"3":{"start":{"line":8,"column":52},"end":{"line":8,"column":239}},"4":{"start":{"line":8,"column":110},"end":{"line":8,"column":122}},"5":{"start":{"line":8,"column":124},"end":{"line":8,"column":237}},"6":{"start":{"line":8,"column":150},"end":{"line":8,"column":235}},"7":{"start":{"line":8,"column":207},"end":{"line":8,"column":233}},"8":{"start":{"line":8,"column":240},"end":{"line":8,"column":254}},"9":{"start":{"line":18,"column":12},"end":{"line":18,"column":27}},"10":{"start":{"line":20,"column":0},"end":{"line":61,"column":2}},"11":{"start":{"line":36,"column":3},"end":{"line":44,"column":4}},"12":{"start":{"line":37,"column":4},"end":{"line":37,"column":58}},"13":{"start":{"line":41,"column":4},"end":{"line":41,"column":31}},"14":{"start":{"line":43,"column":4},"end":{"line":43,"column":63}},"15":{"start":{"line":50,"column":3},"end":{"line":58,"column":4}},"16":{"start":{"line":51,"column":4},"end":{"line":51,"column":56}},"17":{"start":{"line":55,"column":4},"end":{"line":55,"column":31}},"18":{"start":{"line":57,"column":4},"end":{"line":57,"column":62}},"19":{"start":{"line":63,"column":20},"end":{"line":63,"column":89}},"20":{"start":{"line":63,"column":114},"end":{"line":63,"column":187}},"21":{"start":{"line":64,"column":0},"end":{"line":64,"column":676}},"22":{"start":{"line":64,"column":54},"end":{"line":64,"column":58}},"23":{"start":{"line":64,"column":66},"end":{"line":64,"column":84}},"24":{"start":{"line":64,"column":92},"end":{"line":64,"column":108}},"25":{"start":{"line":64,"column":109},"end":{"line":64,"column":675}},"26":{"start":{"line":65,"column":0},"end":{"line":65,"column":37}}},"fnMap":{"0":{"name":"(anonymous_0)","decl":{"start":{"line":1,"column":2},"end":{"line":1,"column":3}},"loc":{"start":{"line":1,"column":12},"end":{"line":62,"column":1}},"line":1},"1":{"name":"(anonymous_1)","decl":{"start":{"line":8,"column":32},"end":{"line":8,"column":33}},"loc":{"start":{"line":8,"column":50},"end":{"line":8,"column":256}},"line":8},"2":{"name":"render","decl":{"start":{"line":64,"column":35},"end":{"line":64,"column":41}},"loc":{"start":{"line":64,"column":45},"end":{"line":64,"column":676}},"line":64}},"branchMap":{"0":{"loc":{"start":{"line":8,"column":15},"end":{"line":8,"column":256}},"type":"binary-expr","locations":[{"start":{"line":8,"column":15},"end":{"line":8,"column":28}},{"start":{"line":8,"column":32},"end":{"line":8,"column":256}}],"line":8},"1":{"loc":{"start":{"line":8,"column":150},"end":{"line":8,"column":235}},"type":"if","locations":[{"start":{"line":8,"column":150},"end":{"line":8,"column":235}},{"start":{"line":8,"column":150},"end":{"line":8,"column":235}}],"line":8},"2":{"loc":{"start":{"line":63,"column":20},"end":{"line":63,"column":89}},"type":"cond-expr","locations":[{"start":{"line":63,"column":50},"end":{"line":63,"column":72}},{"start":{"line":63,"column":75},"end":{"line":63,"column":89}}],"line":63},"3":{"loc":{"start":{"line":63,"column":114},"end":{"line":63,"column":187}},"type":"cond-expr","locations":[{"start":{"line":63,"column":151},"end":{"line":63,"column":172}},{"start":{"line":63,"column":174},"end":{"line":63,"column":187}}],"line":63},"4":{"loc":{"start":{"line":64,"column":92},"end":{"line":64,"column":108}},"type":"binary-expr","locations":[{"start":{"line":64,"column":92},"end":{"line":64,"column":104}},{"start":{"line":64,"column":106},"end":{"line":64,"column":108}}],"line":64}},"s":{"0":2,"1":2,"2":2,"3":0,"4":0,"5":0,"6":0,"7":0,"8":0,"9":2,"10":2,"11":1,"12":1,"13":0,"14":0,"15":1,"16":1,"17":0,"18":0,"19":2,"20":2,"21":2,"22":12,"23":12,"24":12,"25":12,"26":2},"f":{"0":2,"1":0,"2":12},"b":{"0":[2,0],"1":[0,0],"2":[2,0],"3":[0,2],"4":[12,0]},"_coverageSchema":"332fd63041d2c1bcb487cc26dd0d5f7d97098a6c","hash":"5ac8afe3652b8012f38480bb8e47f4009f20c22e"}
,"C:\\Users\\HD\\Desktop\\commentsApp\\src\\components\\commentsValidationError.vue": {"path":"C:\\Users\\HD\\Desktop\\commentsApp\\src\\components\\commentsValidationError.vue","statementMap":{"0":{"start":{"line":1,"column":1},"end":{"line":20,"column":4}},"1":{"start":{"line":4,"column":0},"end":{"line":6,"column":3}},"2":{"start":{"line":12,"column":0},"end":{"line":19,"column":2}},"3":{"start":{"line":21,"column":20},"end":{"line":21,"column":89}},"4":{"start":{"line":21,"column":114},"end":{"line":21,"column":187}},"5":{"start":{"line":22,"column":0},"end":{"line":22,"column":174}},"6":{"start":{"line":22,"column":54},"end":{"line":22,"column":58}},"7":{"start":{"line":22,"column":66},"end":{"line":22,"column":84}},"8":{"start":{"line":22,"column":92},"end":{"line":22,"column":108}},"9":{"start":{"line":22,"column":109},"end":{"line":22,"column":173}},"10":{"start":{"line":23,"column":0},"end":{"line":23,"column":37}}},"fnMap":{"0":{"name":"(anonymous_0)","decl":{"start":{"line":1,"column":2},"end":{"line":1,"column":3}},"loc":{"start":{"line":1,"column":12},"end":{"line":20,"column":1}},"line":1},"1":{"name":"render","decl":{"start":{"line":22,"column":35},"end":{"line":22,"column":41}},"loc":{"start":{"line":22,"column":45},"end":{"line":22,"column":174}},"line":22}},"branchMap":{"0":{"loc":{"start":{"line":21,"column":20},"end":{"line":21,"column":89}},"type":"cond-expr","locations":[{"start":{"line":21,"column":50},"end":{"line":21,"column":72}},{"start":{"line":21,"column":75},"end":{"line":21,"column":89}}],"line":21},"1":{"loc":{"start":{"line":21,"column":114},"end":{"line":21,"column":187}},"type":"cond-expr","locations":[{"start":{"line":21,"column":151},"end":{"line":21,"column":172}},{"start":{"line":21,"column":174},"end":{"line":21,"column":187}}],"line":21},"2":{"loc":{"start":{"line":22,"column":92},"end":{"line":22,"column":108}},"type":"binary-expr","locations":[{"start":{"line":22,"column":92},"end":{"line":22,"column":104}},{"start":{"line":22,"column":106},"end":{"line":22,"column":108}}],"line":22}},"s":{"0":2,"1":2,"2":2,"3":2,"4":2,"5":2,"6":12,"7":12,"8":12,"9":12,"10":2},"f":{"0":2,"1":12},"b":{"0":[2,0],"1":[0,2],"2":[12,0]},"_coverageSchema":"332fd63041d2c1bcb487cc26dd0d5f7d97098a6c","hash":"4cc8e22fe6ee19ddf23939c31f3b48ab416cd39d"}
}
