TN:
SF:C:\Users\HD\Desktop\commentsApp\src\components\articleBlock.vue
FN:1,(anonymous_0)
FN:5,render
FN:6,render
FNF:3
FNH:3
FNDA:1,(anonymous_0)
FNDA:1,render
FNDA:1,render
DA:1,1
DA:4,1
DA:5,1
DA:6,1
LF:4
LH:4
BRDA:4,0,0,0
BRDA:4,0,1,1
BRDA:4,1,0,0
BRDA:4,1,1,1
BRDA:5,2,0,1
BRDA:5,2,1,0
BRDA:6,3,0,1
BRDA:6,3,1,0
BRF:8
BRH:4
end_of_record
TN:
SF:C:\Users\HD\Desktop\commentsApp\src\components\commentsAddNew.vue
FN:1,(anonymous_0)
FN:8,(anonymous_1)
FN:12,_interopRequireWildcard
FN:45,(anonymous_3)
FN:45,(anonymous_4)
FN:153,(anonymous_5)
FN:184,render
FN:184,(anonymous_7)
FN:184,(anonymous_8)
FN:184,(anonymous_9)
FN:184,(anonymous_10)
FN:184,(anonymous_11)
FN:184,(anonymous_12)
FN:184,(anonymous_13)
FNF:14
FNH:6
FNDA:2,(anonymous_0)
FNDA:0,(anonymous_1)
FNDA:2,_interopRequireWildcard
FNDA:2,(anonymous_3)
FNDA:2,(anonymous_4)
FNDA:0,(anonymous_5)
FNDA:6,render
FNDA:0,(anonymous_7)
FNDA:0,(anonymous_8)
FNDA:0,(anonymous_9)
FNDA:0,(anonymous_10)
FNDA:0,(anonymous_11)
FNDA:0,(anonymous_12)
FNDA:1,(anonymous_13)
DA:1,2
DA:4,2
DA:8,2
DA:10,2
DA:12,2
DA:41,2
DA:43,2
DA:45,2
DA:54,4
DA:83,0
DA:84,0
DA:86,0
DA:95,1
DA:96,1
DA:97,1
DA:98,1
DA:99,1
DA:100,1
DA:104,0
DA:106,0
DA:108,1
DA:111,0
DA:112,0
DA:113,0
DA:122,1
DA:123,1
DA:126,1
DA:134,0
DA:135,0
DA:137,0
DA:138,0
DA:139,0
DA:141,0
DA:142,0
DA:144,0
DA:145,0
DA:153,0
DA:154,0
DA:156,0
DA:159,0
DA:160,0
DA:161,0
DA:162,0
DA:163,0
DA:165,0
DA:166,0
DA:168,0
DA:169,0
DA:171,0
DA:172,0
DA:173,0
DA:175,0
DA:176,0
DA:183,2
DA:184,6
DA:185,2
LF:56
LH:22
BRDA:8,0,0,2
BRDA:8,0,1,0
BRDA:8,1,0,0
BRDA:8,1,1,0
BRDA:12,2,0,2
BRDA:12,2,1,0
BRDA:12,3,0,2
BRDA:12,3,1,2
BRDA:12,4,0,0
BRDA:12,4,1,0
BRDA:12,5,0,0
BRDA:12,5,1,0
BRDA:83,6,0,0
BRDA:83,6,1,0
BRDA:83,7,0,0
BRDA:83,7,1,0
BRDA:83,7,2,0
BRDA:95,8,0,1
BRDA:95,8,1,0
BRDA:134,9,0,0
BRDA:134,9,1,0
BRDA:137,10,0,0
BRDA:137,10,1,0
BRDA:144,11,0,0
BRDA:144,11,1,0
BRDA:159,12,0,0
BRDA:159,12,1,0
BRDA:161,13,0,0
BRDA:161,13,1,0
BRDA:168,14,0,0
BRDA:168,14,1,0
BRDA:171,15,0,0
BRDA:171,15,1,0
BRDA:183,16,0,2
BRDA:183,16,1,0
BRDA:183,17,0,0
BRDA:183,17,1,2
BRDA:184,18,0,6
BRDA:184,18,1,0
BRDA:184,19,0,0
BRDA:184,19,1,0
BRDA:184,20,0,0
BRDA:184,20,1,0
BRDA:184,21,0,0
BRDA:184,21,1,0
BRF:45
BRH:8
end_of_record
TN:
SF:C:\Users\HD\Desktop\commentsApp\src\components\commentsBlock.vue
FN:1,(anonymous_0)
FN:8,(anonymous_1)
FN:12,_interopRequireWildcard
FN:29,(anonymous_3)
FN:29,(anonymous_4)
FN:30,(anonymous_5)
FN:30,(anonymous_6)
FN:38,(anonymous_7)
FN:51,render
FNF:9
FNH:0
FNDA:0,(anonymous_0)
FNDA:0,(anonymous_1)
FNDA:0,_interopRequireWildcard
FNDA:0,(anonymous_3)
FNDA:0,(anonymous_4)
FNDA:0,(anonymous_5)
FNDA:0,(anonymous_6)
FNDA:0,(anonymous_7)
FNDA:0,render
DA:1,0
DA:4,0
DA:8,0
DA:10,0
DA:12,0
DA:27,0
DA:29,0
DA:30,0
DA:33,0
DA:38,0
DA:42,0
DA:45,0
DA:50,0
DA:51,0
DA:52,0
LF:15
LH:0
BRDA:8,0,0,0
BRDA:8,0,1,0
BRDA:8,1,0,0
BRDA:8,1,1,0
BRDA:12,2,0,0
BRDA:12,2,1,0
BRDA:12,3,0,0
BRDA:12,3,1,0
BRDA:12,4,0,0
BRDA:12,4,1,0
BRDA:12,5,0,0
BRDA:12,5,1,0
BRDA:50,6,0,0
BRDA:50,6,1,0
BRDA:50,7,0,0
BRDA:50,7,1,0
BRDA:51,8,0,0
BRDA:51,8,1,0
BRF:18
BRH:0
end_of_record
TN:
SF:C:\Users\HD\Desktop\commentsApp\src\components\commentsItem.vue
FN:1,(anonymous_0)
FN:8,_interopRequireWildcard
FN:49,(anonymous_2)
FN:49,(anonymous_3)
FN:50,(anonymous_4)
FN:50,(anonymous_5)
FN:51,(anonymous_6)
FN:51,(anonymous_7)
FN:240,render
FN:240,(anonymous_9)
FNF:10
FNH:10
FNDA:1,(anonymous_0)
FNDA:3,_interopRequireWildcard
FNDA:1,(anonymous_2)
FNDA:1,(anonymous_3)
FNDA:1,(anonymous_4)
FNDA:1,(anonymous_5)
FNDA:1,(anonymous_6)
FNDA:1,(anonymous_7)
FNDA:18,render
FNDA:5,(anonymous_9)
DA:1,1
DA:4,1
DA:8,3
DA:47,1
DA:49,1
DA:50,1
DA:51,1
DA:57,0
DA:66,8
DA:79,8
DA:80,6
DA:82,2
DA:90,8
DA:91,3
DA:93,5
DA:101,8
DA:102,7
DA:103,1
DA:104,0
DA:106,1
DA:110,8
DA:113,8
DA:114,8
DA:118,0
DA:120,0
DA:124,10
DA:125,10
DA:129,0
DA:131,0
DA:141,18
DA:142,18
DA:143,18
DA:145,18
DA:146,0
DA:147,18
DA:148,0
DA:150,18
DA:155,0
DA:157,0
DA:165,0
DA:173,1
DA:174,1
DA:182,0
DA:188,0
DA:194,1
DA:195,1
DA:196,1
DA:197,0
DA:202,0
DA:204,0
DA:215,26
DA:217,26
DA:218,26
DA:219,26
DA:220,26
DA:221,26
DA:222,26
DA:225,26
DA:228,26
DA:229,26
DA:230,26
DA:233,26
DA:234,26
DA:239,1
DA:240,18
DA:241,1
LF:66
LH:50
BRDA:8,0,0,3
BRDA:8,0,1,0
BRDA:8,1,0,3
BRDA:8,1,1,3
BRDA:8,2,0,0
BRDA:8,2,1,0
BRDA:8,3,0,0
BRDA:8,3,1,0
BRDA:79,4,0,6
BRDA:79,4,1,2
BRDA:90,5,0,3
BRDA:90,5,1,5
BRDA:101,6,0,7
BRDA:101,6,1,1
BRDA:103,7,0,0
BRDA:103,7,1,1
BRDA:103,8,0,1
BRDA:103,8,1,1
BRDA:145,9,0,0
BRDA:145,9,1,18
BRDA:147,10,0,0
BRDA:147,10,1,18
BRDA:147,11,0,18
BRDA:147,11,1,18
BRDA:196,12,0,0
BRDA:196,12,1,1
BRDA:239,13,0,1
BRDA:239,13,1,0
BRDA:239,14,0,0
BRDA:239,14,1,1
BRDA:240,15,0,18
BRDA:240,15,1,0
BRDA:240,16,0,15
BRDA:240,16,1,3
BRDA:240,17,0,5
BRDA:240,17,1,13
BRDA:240,18,0,2
BRDA:240,18,1,3
BRDA:240,19,0,3
BRDA:240,19,1,15
BRDA:240,20,0,7
BRDA:240,20,1,11
BRDA:240,21,0,2
BRDA:240,21,1,3
BRF:44
BRH:32
end_of_record
TN:
SF:C:\Users\HD\Desktop\commentsApp\src\components\commentsList.vue
FN:1,(anonymous_0)
FN:8,_interopRequireWildcard
FN:33,(anonymous_2)
FN:33,(anonymous_3)
FN:34,(anonymous_4)
FN:34,(anonymous_5)
FN:102,render
FN:102,(anonymous_7)
FNF:8
FNH:0
FNDA:0,(anonymous_0)
FNDA:0,_interopRequireWildcard
FNDA:0,(anonymous_2)
FNDA:0,(anonymous_3)
FNDA:0,(anonymous_4)
FNDA:0,(anonymous_5)
FNDA:0,render
FNDA:0,(anonymous_7)
DA:1,0
DA:4,0
DA:8,0
DA:31,0
DA:33,0
DA:34,0
DA:40,0
DA:45,0
DA:55,0
DA:56,0
DA:58,0
DA:66,0
DA:67,0
DA:68,0
DA:72,0
DA:74,0
DA:81,0
DA:88,0
DA:89,0
DA:93,0
DA:95,0
DA:101,0
DA:102,0
DA:103,0
LF:24
LH:0
BRDA:8,0,0,0
BRDA:8,0,1,0
BRDA:8,1,0,0
BRDA:8,1,1,0
BRDA:8,2,0,0
BRDA:8,2,1,0
BRDA:8,3,0,0
BRDA:8,3,1,0
BRDA:55,4,0,0
BRDA:55,4,1,0
BRDA:101,5,0,0
BRDA:101,5,1,0
BRDA:101,6,0,0
BRDA:101,6,1,0
BRDA:102,7,0,0
BRDA:102,7,1,0
BRDA:102,8,0,0
BRDA:102,8,1,0
BRF:18
BRH:0
end_of_record
TN:
SF:C:\Users\HD\Desktop\commentsApp\src\components\commentsRating.vue
FN:1,(anonymous_0)
FN:8,(anonymous_1)
FN:64,render
FNF:3
FNH:2
FNDA:2,(anonymous_0)
FNDA:0,(anonymous_1)
FNDA:12,render
DA:1,2
DA:4,2
DA:8,2
DA:18,2
DA:20,2
DA:36,1
DA:37,1
DA:41,0
DA:43,0
DA:50,1
DA:51,1
DA:55,0
DA:57,0
DA:63,2
DA:64,12
DA:65,2
LF:16
LH:12
BRDA:8,0,0,2
BRDA:8,0,1,0
BRDA:8,1,0,0
BRDA:8,1,1,0
BRDA:63,2,0,2
BRDA:63,2,1,0
BRDA:63,3,0,0
BRDA:63,3,1,2
BRDA:64,4,0,12
BRDA:64,4,1,0
BRF:10
BRH:4
end_of_record
TN:
SF:C:\Users\HD\Desktop\commentsApp\src\components\commentsValidationError.vue
FN:1,(anonymous_0)
FN:22,render
FNF:2
FNH:2
FNDA:2,(anonymous_0)
FNDA:12,render
DA:1,2
DA:4,2
DA:12,2
DA:21,2
DA:22,12
DA:23,2
LF:6
LH:6
BRDA:21,0,0,2
BRDA:21,0,1,0
BRDA:21,1,0,0
BRDA:21,1,1,2
BRDA:22,2,0,12
BRDA:22,2,1,0
BRF:6
BRH:3
end_of_record
